<?xml version="1.0" encoding="UTF-8"?>
<testng-results ignored="0" total="2" passed="2" failed="0" skipped="0">
  <reporter-output>
  </reporter-output>
  <suite started-at="2022-06-15T22:57:58 IST" name="Command line suite" finished-at="2022-06-15T22:58:01 IST" duration-ms="2446">
    <groups>
    </groups>
    <test started-at="2022-06-15T22:57:58 IST" name="Command line test" finished-at="2022-06-15T22:58:01 IST" duration-ms="2446">
      <class name="com.framework.test.TC_01">
        <test-method is-config="true" signature="beforeSuite()[pri:0, instance:com.framework.test.TC_01@1d119efb]" started-at="2022-06-15T22:57:56 IST" name="beforeSuite" finished-at="2022-06-15T22:57:58 IST" duration-ms="2717" status="PASS">
          <reporter-output>
          </reporter-output>
        </test-method> <!-- beforeSuite -->
        <test-method signature="login_To_Applications()[pri:1, instance:com.framework.test.TC_01@1d119efb]" started-at="2022-06-15T22:57:58 IST" name="login_To_Applications" finished-at="2022-06-15T22:57:59 IST" duration-ms="752" status="PASS">
          <reporter-output>
          </reporter-output>
        </test-method> <!-- login_To_Applications -->
        <test-method signature="purchase_Order()[pri:2, instance:com.framework.test.TC_01@1d119efb]" started-at="2022-06-15T22:57:59 IST" name="purchase_Order" finished-at="2022-06-15T22:58:01 IST" duration-ms="1652" status="PASS">
          <reporter-output>
          </reporter-output>
        </test-method> <!-- purchase_Order -->
        <test-method is-config="true" signature="afterSuite()[pri:0, instance:com.framework.test.TC_01@1d119efb]" started-at="2022-06-15T22:58:01 IST" name="afterSuite" finished-at="2022-06-15T22:58:02 IST" duration-ms="670" status="PASS">
          <reporter-output>
          </reporter-output>
        </test-method> <!-- afterSuite -->
      </class> <!-- com.framework.test.TC_01 -->
    </test> <!-- Command line test -->
  </suite> <!-- Command line suite -->
</testng-results>
